c:\users\a\desktop\streakggz\streak source\realspace2\release\realspace2.pch
c:\users\a\desktop\streakggz\streak source\realspace2\release\realspace2.pdb
c:\users\a\desktop\streakggz\streak source\realspace2\release\stdafx.obj
c:\users\a\desktop\streakggz\streak source\realspace2\release\rbspobject.obj
c:\users\a\desktop\streakggz\streak source\realspace2\release\ranieventinfo.obj
c:\users\a\desktop\streakggz\streak source\realspace2\release\rboundary.obj
c:\users\a\desktop\streakggz\streak source\realspace2\release\rcloth.obj
c:\users\a\desktop\streakggz\streak source\realspace2\release\rsphere.obj
c:\users\a\desktop\streakggz\streak source\realspace2\release\rdynamiclight.obj
c:\users\a\desktop\streakggz\streak source\realspace2\release\rocclusionlist.obj
c:\users\a\desktop\streakggz\streak source\realspace2\release\rsolidbsp.obj
c:\users\a\desktop\streakggz\streak source\realspace2\release\rfont.obj
c:\users\a\desktop\streakggz\streak source\realspace2\release\rmesh.obj
c:\users\a\desktop\streakggz\streak source\realspace2\release\rmesh_render.obj
c:\users\a\desktop\streakggz\streak source\realspace2\release\rmeshnode.obj
c:\users\a\desktop\streakggz\streak source\realspace2\release\rmeshutil.obj
c:\users\a\desktop\streakggz\streak source\realspace2\release\rvisualmesh.obj
c:\users\a\desktop\streakggz\streak source\realspace2\release\ranimationnode.obj
c:\users\a\desktop\streakggz\streak source\realspace2\release\rcylinder.obj
c:\users\a\desktop\streakggz\streak source\realspace2\release\rcollisiondetection.obj
c:\users\a\desktop\streakggz\streak source\realspace2\release\rlenzflare.obj
c:\users\a\desktop\streakggz\streak source\realspace2\release\rastar.obj
c:\users\a\desktop\streakggz\streak source\realspace2\release\rbasetexture.obj
c:\users\a\desktop\streakggz\streak source\realspace2\release\rparticlesystem.obj
c:\users\a\desktop\streakggz\streak source\realspace2\release\realspace2.obj
c:\users\a\desktop\streakggz\streak source\realspace2\release\rhalfedgemesh.obj
c:\users\a\desktop\streakggz\streak source\realspace2\release\rmesh_mtrl.obj
c:\users\a\desktop\streakggz\streak source\realspace2\release\rmeshmgr.obj
c:\users\a\desktop\streakggz\streak source\realspace2\release\rmeshnodestringtable.obj
c:\users\a\desktop\streakggz\streak source\realspace2\release\rvector.obj
c:\users\a\desktop\streakggz\streak source\realspace2\release\rvisualmeshmgr.obj
c:\users\a\desktop\streakggz\streak source\realspace2\release\ranimationfile.obj
c:\users\a\desktop\streakggz\streak source\realspace2\release\rcharcloth.obj
c:\users\a\desktop\streakggz\streak source\realspace2\release\rdummylist.obj
c:\users\a\desktop\streakggz\streak source\realspace2\release\rlightlist.obj
c:\users\a\desktop\streakggz\streak source\realspace2\release\rroam.obj
c:\users\a\desktop\streakggz\streak source\realspace2\release\rnavigationmesh.obj
c:\users\a\desktop\streakggz\streak source\realspace2\release\rcamera.obj
c:\users\a\desktop\streakggz\streak source\realspace2\release\rerror.obj
c:\users\a\desktop\streakggz\streak source\realspace2\release\rtoken.obj
c:\users\a\desktop\streakggz\streak source\realspace2\release\rframework.obj
c:\users\a\desktop\streakggz\streak source\realspace2\release\rmesh_frame.obj
c:\users\a\desktop\streakggz\streak source\realspace2\release\rmesh_load.obj
c:\users\a\desktop\streakggz\streak source\realspace2\release\rmeshnodedata.obj
c:\users\a\desktop\streakggz\streak source\realspace2\release\rmtrl.obj
c:\users\a\desktop\streakggz\streak source\realspace2\release\rvisualmeshutil.obj
c:\users\a\desktop\streakggz\streak source\realspace2\release\ranimation.obj
c:\users\a\desktop\streakggz\streak source\realspace2\release\ranimationmgr.obj
c:\users\a\desktop\streakggz\streak source\realspace2\release\rmateriallist.obj
c:\users\a\desktop\streakggz\streak source\realspace2\release\rpvs.obj
c:\users\a\desktop\streakggz\streak source\realspace2\release\rnavigationnode.obj
c:\users\a\desktop\streakggz\streak source\realspace2\release\rshadermgr.obj
c:\users\a\desktop\streakggz\streak source\realspace2\release\rtypes.obj
c:\users\a\desktop\streakggz\streak source\realspace2\runtime\lib\realspace2.lib
c:\users\a\desktop\streakggz\streak source\realspace2\release\msxml.tlh
c:\users\a\desktop\streakggz\streak source\realspace2\.\runtime\lib\realspace2.lib
c:\users\a\desktop\streakggz\streak source\realspace2\release\realspace2.tlog\cl.command.1.tlog
c:\users\a\desktop\streakggz\streak source\realspace2\release\realspace2.tlog\cl.read.1.tlog
c:\users\a\desktop\streakggz\streak source\realspace2\release\realspace2.tlog\cl.write.1.tlog
c:\users\a\desktop\streakggz\streak source\realspace2\release\realspace2.tlog\lib-link.read.1.tlog
c:\users\a\desktop\streakggz\streak source\realspace2\release\realspace2.tlog\lib-link.write.1.tlog
c:\users\a\desktop\streakggz\streak source\realspace2\release\realspace2.tlog\lib.command.1.tlog
