C:\Program Files (x86)\Microsoft Visual Studio\2019\Community\MSBuild\Microsoft\VC\v150\Platforms\Win32\PlatformToolsets\v141_xp\Toolset.targets(39,5): warning MSB8051: Support for targeting Windows XP is deprecated and will not be present in future releases of Visual Studio. Please see https://go.microsoft.com/fwlink/?linkid=2023588 for more information.
  stdafx.cpp
  MAsyncDBJob_PlayerWars.cpp
  MMatchServer_PlayerWars.cpp
  MPlayerWarsMgr.cpp
  MAsyncDBJob_GetAccountItemList.cpp
  MConnectHistory.cpp
  MMatchEventFactory.cpp
  MMatchGunGame.cpp
  MMatchObjectCommandHistory.cpp
  MMatchServer_AntiHack.cpp
  MMatchServer_Survival.cpp
  MDropGunGameManager.cpp
  MMatchRuleDropGunGame.cpp
  GlobalSubtitutes.cpp
  MActorDef.cpp
  MAgentObject.cpp
  MAsyncDBJob.cpp
  MAsyncDBJob_BuyQuestItem.cpp
  MAsyncDBJob_CharFinalize.cpp
  MAsyncDBJob_CountryFilter.cpp
  MAsyncDBJob_DuelTournament.cpp
  MAsyncDBJob_Event.cpp
  MAsyncDBJob_FriendList.cpp
  MAsyncDBJob_GetBRDescription.cpp
  MAsyncDBJob_GetLoginInfo.cpp
  MAsyncDBJob_InsertCharBRInfo.cpp
  MAsyncDBJob_InsertConnLog.cpp
  MAsyncDBJob_InsertGamePlayerLog.cpp
  MAsyncDBJob_RewardCharBR.cpp
  MAsyncDBJob_SurvivalMode.cpp
  MAsyncDBJob_UpdateCharBRInfo.cpp
  MAsyncDBJob_UpdateCharInfoData.cpp
  MAsyncDBJob_UpdateCharItemInfoData.cpp
  MAsyncDBJob_WinTheClanGame.cpp
  MAsyncProxy.cpp
  MBaseChannelRule.cpp
  MBaseGameType.cpp
  MBaseLocale.cpp
  MBaseQuest.cpp
  MBaseStringResManager.cpp
  MChattingFilter.cpp
  MClient.cpp
  MCommand.cpp
  MCommandBuilder.cpp
  MCommandCommunicator.cpp
  MCommandManager.cpp
  MCommandParameter.cpp
  MCommandProfiler.cpp
  MCustomClient.cpp
  MDuelTournamentFormula.cpp
  MDuelTournamentMatchMaker.cpp
  MDuelTournamentTicketPicker.cpp
  MDuelTournamentTimeChecker.cpp
  MEventInfo.cpp
  MGridMap.cpp
  MHackingTypes.cpp
  MLadderMgr.cpp
  MLadderPicker.cpp
  MLadderStatistics.cpp
  MMaster.cpp
  MMatchAccountPenaltyInfo.cpp
  MMatchActiveTrapMgr.cpp
  MMatchAdmin.cpp
  MMatchAntiHack.cpp
  MMatchBRMachine.cpp
  MMatchBuff.cpp
  MMatchBuffSummary.cpp
  MMatchChannel.cpp
  MMatchChannelRule.cpp
  MMatchCharBRInfo.cpp
  MMatchChatRoom.cpp
  MMatchCheckLoopTime.cpp
  MMatchClan.cpp
  MMatchClient.cpp
  MMatchConfig.cpp
  MMatchDBFilter.cpp
  MMatchDBGambleItem.cpp
  MMatchDBMgr.cpp
  MMatchDBMgr_AccountItem.cpp
  MMatchDebug.cpp
  MMatchDuelTournamentMgr.cpp
  MMatchEvent.cpp
  MMatchEventManager.cpp
  MMatchFormula.cpp
  MMatchFriendInfo.cpp
  MMatchGambleItem.cpp
  MMatchGambleMachine.cpp
  MMatchGameType.cpp
  MMatchGlobal.cpp
  MMatchHShield.cpp
  MMatchItem.cpp
  MMatchItemFunction.cpp
  MMatchLocale.cpp
  MMatchMap.cpp
  MMatchNPCObject.cpp
  MMatchNotify.cpp
  MMatchObjCache.cpp
  MMatchObject.cpp
  MMatchObjectCharBuffInfo.cpp
  MMatchPremiumIPCache.cpp
  MMatchQuest.cpp
  MMatchQuestGameLog.cpp
  MMatchQuestMonsterGroup.cpp
  MMatchQuestRound.cpp
  MMatchRule.cpp
  MMatchRuleAssassinate.cpp
  MMatchRuleBaseQuest.cpp
  MMatchRuleBerserker.cpp
  MMatchRuleDeathMatch.cpp
  MMatchRuleDuel.cpp
  MMatchRuleDuelTournament.cpp
  MMatchRuleGladiator.cpp
  MMatchRuleQuest.cpp
  MMatchRuleQuestChallenge.cpp
  MMatchRuleSpy.cpp
  MMatchRuleSurvival.cpp
  MMatchRuleTraining.cpp
  MMatchSchedule.cpp
  MMatchServer.cpp
  MMatchServer_Admin.cpp
  MMatchServer_Agent.cpp
  MMatchServer_Async.cpp
  MMatchServer_Channel.cpp
  MMatchServer_Char.cpp
  MMatchServer_Clan.cpp
  MMatchServer_DuelTournament.cpp
  MMatchServer_Item.cpp
  MMatchServer_Ladder.cpp
  MMatchServer_Login.cpp
  MMatchServer_OnCommand.cpp
  MMatchServer_Quest.cpp
  MMatchServer_Spy.cpp
  MMatchServer_Stage.cpp
  MMatchShop.cpp
  MMatchShutdown.cpp
  MMatchSpyMap.cpp
  MMatchSpyMode.cpp
  MMatchStage.cpp
  MMatchStageSetting.cpp
  MMatchStatus.cpp
  MMatchStringResManager.cpp
  MMatchSurvivalGameLog.cpp
  MMatchTransDataType.cpp
  MMatchUtil.cpp
  MMatchWorldItem.cpp
  MMatchWorldItemDesc.cpp
  MNJ_DBAgentClient.cpp
  MNewQuestNpcManager.cpp
  MNewQuestPlayerManager.cpp
  MNewQuestScenario.cpp
  MObject.cpp
  MPacket.cpp
  MPacketCrypter.cpp
  MPacketHShieldCrypter.cpp
  MQuestDropTable.cpp
  MQuestFormula.cpp
  MQuestItem.cpp
  MQuestLevel.cpp
  MQuestLevelGenerator.cpp
  MQuestMap.cpp
  MQuestNPC.cpp
  MQuestNPCSpawnTrigger.cpp
  MQuestPlayer.cpp
  MQuestScenario.cpp
  MSacrificeQItemTable.cpp
  MServer.cpp
  MSharedCommandTable.cpp
  MSmartRefreshImpl.cpp
  MSurvivalMap.cpp
  MSurvivalRankInfo.cpp
  MTCPSocket.cpp
  MTeamGameStrategy.cpp
  MUID.cpp
  MVoteDiscussImpl.cpp
  MVoteMgr.cpp
  MXmlParser.cpp
  RealCPNet.cpp
  TestCRC32XORCache.cpp
  CSCommon.vcxproj -> C:\Users\a\Desktop\StreakGGZ\Streak Source\CSCommon\.\Runtime\Lib\CSCommon.lib
