c:\users\a\desktop\streakggz\streak source\cscommon\release\cscommon.pch
c:\users\a\desktop\streakggz\streak source\cscommon\release\cscommon.pdb
c:\users\a\desktop\streakggz\streak source\cscommon\release\stdafx.obj
c:\users\a\desktop\streakggz\streak source\cscommon\release\mmatchserver_playerwars.obj
c:\users\a\desktop\streakggz\streak source\cscommon\release\mmatchserver_survival.obj
c:\users\a\desktop\streakggz\streak source\cscommon\release\mmatchruledropgungame.obj
c:\users\a\desktop\streakggz\streak source\cscommon\release\masyncdbjob.obj
c:\users\a\desktop\streakggz\streak source\cscommon\release\masyncdbjob_getbrdescription.obj
c:\users\a\desktop\streakggz\streak source\cscommon\release\masyncdbjob_insertgameplayerlog.obj
c:\users\a\desktop\streakggz\streak source\cscommon\release\masyncdbjob_updatecharbrinfo.obj
c:\users\a\desktop\streakggz\streak source\cscommon\release\masyncdbjob_wintheclangame.obj
c:\users\a\desktop\streakggz\streak source\cscommon\release\mbasegametype.obj
c:\users\a\desktop\streakggz\streak source\cscommon\release\mclient.obj
c:\users\a\desktop\streakggz\streak source\cscommon\release\mcommandbuilder.obj
c:\users\a\desktop\streakggz\streak source\cscommon\release\mcommandparameter.obj
c:\users\a\desktop\streakggz\streak source\cscommon\release\mdueltournamentformula.obj
c:\users\a\desktop\streakggz\streak source\cscommon\release\mdueltournamentticketpicker.obj
c:\users\a\desktop\streakggz\streak source\cscommon\release\mhackingtypes.obj
c:\users\a\desktop\streakggz\streak source\cscommon\release\mladdermgr.obj
c:\users\a\desktop\streakggz\streak source\cscommon\release\mmatchbuffsummary.obj
c:\users\a\desktop\streakggz\streak source\cscommon\release\mmatchchannel.obj
c:\users\a\desktop\streakggz\streak source\cscommon\release\mmatchclient.obj
c:\users\a\desktop\streakggz\streak source\cscommon\release\mmatchdbmgr_accountitem.obj
c:\users\a\desktop\streakggz\streak source\cscommon\release\mmatcheventmanager.obj
c:\users\a\desktop\streakggz\streak source\cscommon\release\mmatchfriendinfo.obj
c:\users\a\desktop\streakggz\streak source\cscommon\release\mmatchgamblemachine.obj
c:\users\a\desktop\streakggz\streak source\cscommon\release\mmatchnpcobject.obj
c:\users\a\desktop\streakggz\streak source\cscommon\release\mmatchpremiumipcache.obj
c:\users\a\desktop\streakggz\streak source\cscommon\release\mmatchquestgamelog.obj
c:\users\a\desktop\streakggz\streak source\cscommon\release\mmatchrulebasequest.obj
c:\users\a\desktop\streakggz\streak source\cscommon\release\mmatchruledueltournament.obj
c:\users\a\desktop\streakggz\streak source\cscommon\release\mmatchrulespy.obj
c:\users\a\desktop\streakggz\streak source\cscommon\release\mmatchruletraining.obj
c:\users\a\desktop\streakggz\streak source\cscommon\release\mmatchserver.obj
c:\users\a\desktop\streakggz\streak source\cscommon\release\mmatchstagesetting.obj
c:\users\a\desktop\streakggz\streak source\cscommon\release\mmatchstringresmanager.obj
c:\users\a\desktop\streakggz\streak source\cscommon\release\mmatchtransdatatype.obj
c:\users\a\desktop\streakggz\streak source\cscommon\release\mmatchworlditem.obj
c:\users\a\desktop\streakggz\streak source\cscommon\release\mpacket.obj
c:\users\a\desktop\streakggz\streak source\cscommon\release\mpackethshieldcrypter.obj
c:\users\a\desktop\streakggz\streak source\cscommon\release\mquestformula.obj
c:\users\a\desktop\streakggz\streak source\cscommon\release\mquestlevel.obj
c:\users\a\desktop\streakggz\streak source\cscommon\release\mquestplayer.obj
c:\users\a\desktop\streakggz\streak source\cscommon\release\msurvivalmap.obj
c:\users\a\desktop\streakggz\streak source\cscommon\release\mtcpsocket.obj
c:\users\a\desktop\streakggz\streak source\cscommon\release\mxmlparser.obj
c:\users\a\desktop\streakggz\streak source\cscommon\release\testcrc32xorcache.obj
c:\users\a\desktop\streakggz\streak source\cscommon\release\mplayerwarsmgr.obj
c:\users\a\desktop\streakggz\streak source\cscommon\release\mmatchobjectcommandhistory.obj
c:\users\a\desktop\streakggz\streak source\cscommon\release\mdropgungamemanager.obj
c:\users\a\desktop\streakggz\streak source\cscommon\release\masyncdbjob_event.obj
c:\users\a\desktop\streakggz\streak source\cscommon\release\masyncdbjob_insertconnlog.obj
c:\users\a\desktop\streakggz\streak source\cscommon\release\masyncdbjob_survivalmode.obj
c:\users\a\desktop\streakggz\streak source\cscommon\release\mbasechannelrule.obj
c:\users\a\desktop\streakggz\streak source\cscommon\release\mcommand.obj
c:\users\a\desktop\streakggz\streak source\cscommon\release\mcustomclient.obj
c:\users\a\desktop\streakggz\streak source\cscommon\release\mdueltournamenttimechecker.obj
c:\users\a\desktop\streakggz\streak source\cscommon\release\mgridmap.obj
c:\users\a\desktop\streakggz\streak source\cscommon\release\mladderstatistics.obj
c:\users\a\desktop\streakggz\streak source\cscommon\release\mmatchaccountpenaltyinfo.obj
c:\users\a\desktop\streakggz\streak source\cscommon\release\mmatchantihack.obj
c:\users\a\desktop\streakggz\streak source\cscommon\release\mmatchchannelrule.obj
c:\users\a\desktop\streakggz\streak source\cscommon\release\mmatchchatroom.obj
c:\users\a\desktop\streakggz\streak source\cscommon\release\mmatchdbfilter.obj
c:\users\a\desktop\streakggz\streak source\cscommon\release\mmatchdbmgr.obj
c:\users\a\desktop\streakggz\streak source\cscommon\release\mmatchitem.obj
c:\users\a\desktop\streakggz\streak source\cscommon\release\mmatchserver_admin.obj
c:\users\a\desktop\streakggz\streak source\cscommon\release\mmatchserver_async.obj
c:\users\a\desktop\streakggz\streak source\cscommon\release\mmatchserver_clan.obj
c:\users\a\desktop\streakggz\streak source\cscommon\release\mmatchserver_ladder.obj
c:\users\a\desktop\streakggz\streak source\cscommon\release\mmatchserver_quest.obj
c:\users\a\desktop\streakggz\streak source\cscommon\release\mmatchshop.obj
c:\users\a\desktop\streakggz\streak source\cscommon\release\mmatchshutdown.obj
c:\users\a\desktop\streakggz\streak source\cscommon\release\mmatchspymap.obj
c:\users\a\desktop\streakggz\streak source\cscommon\release\mmatchspymode.obj
c:\users\a\desktop\streakggz\streak source\cscommon\release\mmatchstage.obj
c:\users\a\desktop\streakggz\streak source\cscommon\release\mquestitem.obj
c:\users\a\desktop\streakggz\streak source\cscommon\release\mquestnpcspawntrigger.obj
c:\users\a\desktop\streakggz\streak source\cscommon\release\mquestscenario.obj
c:\users\a\desktop\streakggz\streak source\cscommon\release\msharedcommandtable.obj
c:\users\a\desktop\streakggz\streak source\cscommon\release\masyncdbjob_playerwars.obj
c:\users\a\desktop\streakggz\streak source\cscommon\release\mconnecthistory.obj
c:\users\a\desktop\streakggz\streak source\cscommon\release\mmatchgungame.obj
c:\users\a\desktop\streakggz\streak source\cscommon\release\mmatchserver_antihack.obj
c:\users\a\desktop\streakggz\streak source\cscommon\release\globalsubtitutes.obj
c:\users\a\desktop\streakggz\streak source\cscommon\release\mactordef.obj
c:\users\a\desktop\streakggz\streak source\cscommon\release\masyncdbjob_charfinalize.obj
c:\users\a\desktop\streakggz\streak source\cscommon\release\masyncdbjob_friendlist.obj
c:\users\a\desktop\streakggz\streak source\cscommon\release\masyncdbjob_getlogininfo.obj
c:\users\a\desktop\streakggz\streak source\cscommon\release\masyncdbjob_updatecharinfodata.obj
c:\users\a\desktop\streakggz\streak source\cscommon\release\masyncproxy.obj
c:\users\a\desktop\streakggz\streak source\cscommon\release\mbasequest.obj
c:\users\a\desktop\streakggz\streak source\cscommon\release\mchattingfilter.obj
c:\users\a\desktop\streakggz\streak source\cscommon\release\mcommandcommunicator.obj
c:\users\a\desktop\streakggz\streak source\cscommon\release\mcommandmanager.obj
c:\users\a\desktop\streakggz\streak source\cscommon\release\meventinfo.obj
c:\users\a\desktop\streakggz\streak source\cscommon\release\mmaster.obj
c:\users\a\desktop\streakggz\streak source\cscommon\release\mmatchadmin.obj
c:\users\a\desktop\streakggz\streak source\cscommon\release\mmatchbrmachine.obj
c:\users\a\desktop\streakggz\streak source\cscommon\release\mmatchcharbrinfo.obj
c:\users\a\desktop\streakggz\streak source\cscommon\release\mmatchchecklooptime.obj
c:\users\a\desktop\streakggz\streak source\cscommon\release\mmatchconfig.obj
c:\users\a\desktop\streakggz\streak source\cscommon\release\mmatchdbgambleitem.obj
c:\users\a\desktop\streakggz\streak source\cscommon\release\mmatchdueltournamentmgr.obj
c:\users\a\desktop\streakggz\streak source\cscommon\release\mmatchformula.obj
c:\users\a\desktop\streakggz\streak source\cscommon\release\mmatchgambleitem.obj
c:\users\a\desktop\streakggz\streak source\cscommon\release\mmatchgametype.obj
c:\users\a\desktop\streakggz\streak source\cscommon\release\mmatchhshield.obj
c:\users\a\desktop\streakggz\streak source\cscommon\release\mmatchlocale.obj
c:\users\a\desktop\streakggz\streak source\cscommon\release\mmatchobjcache.obj
c:\users\a\desktop\streakggz\streak source\cscommon\release\mmatchobject.obj
c:\users\a\desktop\streakggz\streak source\cscommon\release\mmatchquestround.obj
c:\users\a\desktop\streakggz\streak source\cscommon\release\mmatchrule.obj
c:\users\a\desktop\streakggz\streak source\cscommon\release\mmatchruleberserker.obj
c:\users\a\desktop\streakggz\streak source\cscommon\release\mmatchruleduel.obj
c:\users\a\desktop\streakggz\streak source\cscommon\release\mmatchrulegladiator.obj
c:\users\a\desktop\streakggz\streak source\cscommon\release\mmatchrulequest.obj
c:\users\a\desktop\streakggz\streak source\cscommon\release\mmatchrulesurvival.obj
c:\users\a\desktop\streakggz\streak source\cscommon\release\mmatchserver_channel.obj
c:\users\a\desktop\streakggz\streak source\cscommon\release\mmatchserver_dueltournament.obj
c:\users\a\desktop\streakggz\streak source\cscommon\release\mmatchserver_login.obj
c:\users\a\desktop\streakggz\streak source\cscommon\release\mmatchserver_spy.obj
c:\users\a\desktop\streakggz\streak source\cscommon\release\mmatchserver_stage.obj
c:\users\a\desktop\streakggz\streak source\cscommon\release\mmatchutil.obj
c:\users\a\desktop\streakggz\streak source\cscommon\release\mmatchworlditemdesc.obj
c:\users\a\desktop\streakggz\streak source\cscommon\release\mnewquestnpcmanager.obj
c:\users\a\desktop\streakggz\streak source\cscommon\release\mobject.obj
c:\users\a\desktop\streakggz\streak source\cscommon\release\mpacketcrypter.obj
c:\users\a\desktop\streakggz\streak source\cscommon\release\mquestdroptable.obj
c:\users\a\desktop\streakggz\streak source\cscommon\release\mquestmap.obj
c:\users\a\desktop\streakggz\streak source\cscommon\release\msacrificeqitemtable.obj
c:\users\a\desktop\streakggz\streak source\cscommon\release\msmartrefreshimpl.obj
c:\users\a\desktop\streakggz\streak source\cscommon\release\msurvivalrankinfo.obj
c:\users\a\desktop\streakggz\streak source\cscommon\release\muid.obj
c:\users\a\desktop\streakggz\streak source\cscommon\release\mvotediscussimpl.obj
c:\users\a\desktop\streakggz\streak source\cscommon\release\mvotemgr.obj
c:\users\a\desktop\streakggz\streak source\cscommon\release\masyncdbjob_getaccountitemlist.obj
c:\users\a\desktop\streakggz\streak source\cscommon\release\mmatcheventfactory.obj
c:\users\a\desktop\streakggz\streak source\cscommon\release\magentobject.obj
c:\users\a\desktop\streakggz\streak source\cscommon\release\masyncdbjob_buyquestitem.obj
c:\users\a\desktop\streakggz\streak source\cscommon\release\masyncdbjob_countryfilter.obj
c:\users\a\desktop\streakggz\streak source\cscommon\release\masyncdbjob_dueltournament.obj
c:\users\a\desktop\streakggz\streak source\cscommon\release\masyncdbjob_insertcharbrinfo.obj
c:\users\a\desktop\streakggz\streak source\cscommon\release\masyncdbjob_rewardcharbr.obj
c:\users\a\desktop\streakggz\streak source\cscommon\release\masyncdbjob_updatechariteminfodata.obj
c:\users\a\desktop\streakggz\streak source\cscommon\release\mbaselocale.obj
c:\users\a\desktop\streakggz\streak source\cscommon\release\mbasestringresmanager.obj
c:\users\a\desktop\streakggz\streak source\cscommon\release\mcommandprofiler.obj
c:\users\a\desktop\streakggz\streak source\cscommon\release\mdueltournamentmatchmaker.obj
c:\users\a\desktop\streakggz\streak source\cscommon\release\mladderpicker.obj
c:\users\a\desktop\streakggz\streak source\cscommon\release\mmatchactivetrapmgr.obj
c:\users\a\desktop\streakggz\streak source\cscommon\release\mmatchbuff.obj
c:\users\a\desktop\streakggz\streak source\cscommon\release\mmatchclan.obj
c:\users\a\desktop\streakggz\streak source\cscommon\release\mmatchdebug.obj
c:\users\a\desktop\streakggz\streak source\cscommon\release\mmatchevent.obj
c:\users\a\desktop\streakggz\streak source\cscommon\release\mmatchglobal.obj
c:\users\a\desktop\streakggz\streak source\cscommon\release\mmatchitemfunction.obj
c:\users\a\desktop\streakggz\streak source\cscommon\release\mmatchmap.obj
c:\users\a\desktop\streakggz\streak source\cscommon\release\mmatchnotify.obj
c:\users\a\desktop\streakggz\streak source\cscommon\release\mmatchobjectcharbuffinfo.obj
c:\users\a\desktop\streakggz\streak source\cscommon\release\mmatchquest.obj
c:\users\a\desktop\streakggz\streak source\cscommon\release\mmatchquestmonstergroup.obj
c:\users\a\desktop\streakggz\streak source\cscommon\release\mmatchruleassassinate.obj
c:\users\a\desktop\streakggz\streak source\cscommon\release\mmatchruledeathmatch.obj
c:\users\a\desktop\streakggz\streak source\cscommon\release\mmatchrulequestchallenge.obj
c:\users\a\desktop\streakggz\streak source\cscommon\release\mmatchschedule.obj
c:\users\a\desktop\streakggz\streak source\cscommon\release\mmatchserver_agent.obj
c:\users\a\desktop\streakggz\streak source\cscommon\release\mmatchserver_char.obj
c:\users\a\desktop\streakggz\streak source\cscommon\release\mmatchserver_item.obj
c:\users\a\desktop\streakggz\streak source\cscommon\release\mmatchserver_oncommand.obj
c:\users\a\desktop\streakggz\streak source\cscommon\release\mmatchstatus.obj
c:\users\a\desktop\streakggz\streak source\cscommon\release\mmatchsurvivalgamelog.obj
c:\users\a\desktop\streakggz\streak source\cscommon\release\mnj_dbagentclient.obj
c:\users\a\desktop\streakggz\streak source\cscommon\release\mnewquestplayermanager.obj
c:\users\a\desktop\streakggz\streak source\cscommon\release\mnewquestscenario.obj
c:\users\a\desktop\streakggz\streak source\cscommon\release\mquestlevelgenerator.obj
c:\users\a\desktop\streakggz\streak source\cscommon\release\mquestnpc.obj
c:\users\a\desktop\streakggz\streak source\cscommon\release\mserver.obj
c:\users\a\desktop\streakggz\streak source\cscommon\release\mteamgamestrategy.obj
c:\users\a\desktop\streakggz\streak source\cscommon\release\realcpnet.obj
c:\users\a\desktop\streakggz\streak source\cscommon\runtime\lib\cscommon.lib
c:\users\a\desktop\streakggz\streak source\cscommon\release\msxml.tlh
c:\users\a\desktop\streakggz\streak source\cscommon\.\runtime\lib\cscommon.lib
c:\users\a\desktop\streakggz\streak source\cscommon\release\cscommon.tlog\cl.command.1.tlog
c:\users\a\desktop\streakggz\streak source\cscommon\release\cscommon.tlog\cl.read.1.tlog
c:\users\a\desktop\streakggz\streak source\cscommon\release\cscommon.tlog\cl.write.1.tlog
c:\users\a\desktop\streakggz\streak source\cscommon\release\cscommon.tlog\lib-link.read.1.tlog
c:\users\a\desktop\streakggz\streak source\cscommon\release\cscommon.tlog\lib-link.write.1.tlog
c:\users\a\desktop\streakggz\streak source\cscommon\release\cscommon.tlog\lib.command.1.tlog
