c:\users\a\desktop\streakggz\streak source\mint2\release\mint2.pch
c:\users\a\desktop\streakggz\streak source\mint2\release\mint2.pdb
c:\users\a\desktop\streakggz\streak source\mint2\release\stdafx.obj
c:\users\a\desktop\streakggz\streak source\mint2\release\mconsoleframe.obj
c:\users\a\desktop\streakggz\streak source\mint2\release\mcombobox.obj
c:\users\a\desktop\streakggz\streak source\mint2\release\mbutton.obj
c:\users\a\desktop\streakggz\streak source\mint2\release\mbmlabel.obj
c:\users\a\desktop\streakggz\streak source\mint2\release\mbmbutton.obj
c:\users\a\desktop\streakggz\streak source\mint2\release\manimation.obj
c:\users\a\desktop\streakggz\streak source\mint2\release\manibmbutton.obj
c:\users\a\desktop\streakggz\streak source\mint2\release\mbtextarealook.obj
c:\users\a\desktop\streakggz\streak source\mint2\release\mbtabctrllook.obj
c:\users\a\desktop\streakggz\streak source\mint2\release\mbsliderlook.obj
c:\users\a\desktop\streakggz\streak source\mint2\release\mbscrollbarlook.obj
c:\users\a\desktop\streakggz\streak source\mint2\release\mbpopupmenu.obj
c:\users\a\desktop\streakggz\streak source\mint2\release\mbmulticollistboxlook.obj
c:\users\a\desktop\streakggz\streak source\mint2\release\mblistboxlook.obj
c:\users\a\desktop\streakggz\streak source\mint2\release\mblabellook.obj
c:\users\a\desktop\streakggz\streak source\mint2\release\mbitmapdrawer.obj
c:\users\a\desktop\streakggz\streak source\mint2\release\mbgrouplook.obj
c:\users\a\desktop\streakggz\streak source\mint2\release\mbframelook.obj
c:\users\a\desktop\streakggz\streak source\mint2\release\mbeditlook.obj
c:\users\a\desktop\streakggz\streak source\mint2\release\mbbuttonlook.obj
c:\users\a\desktop\streakggz\streak source\mint2\release\mscrollbar.obj
c:\users\a\desktop\streakggz\streak source\mint2\release\mpopupmenu.obj
c:\users\a\desktop\streakggz\streak source\mint2\release\mpicture.obj
c:\users\a\desktop\streakggz\streak source\mint2\release\mpanel.obj
c:\users\a\desktop\streakggz\streak source\mint2\release\mmulticollistbox.obj
c:\users\a\desktop\streakggz\streak source\mint2\release\mmsgbox.obj
c:\users\a\desktop\streakggz\streak source\mint2\release\mlistbox.obj
c:\users\a\desktop\streakggz\streak source\mint2\release\mlayoutmanager.obj
c:\users\a\desktop\streakggz\streak source\mint2\release\mlabel.obj
c:\users\a\desktop\streakggz\streak source\mint2\release\mint.obj
c:\users\a\desktop\streakggz\streak source\mint2\release\mhypertext.obj
c:\users\a\desktop\streakggz\streak source\mint2\release\mhotkey.obj
c:\users\a\desktop\streakggz\streak source\mint2\release\mgroup.obj
c:\users\a\desktop\streakggz\streak source\mint2\release\mframedrawer.obj
c:\users\a\desktop\streakggz\streak source\mint2\release\mframe.obj
c:\users\a\desktop\streakggz\streak source\mint2\release\mfiledialog.obj
c:\users\a\desktop\streakggz\streak source\mint2\release\mfilebox.obj
c:\users\a\desktop\streakggz\streak source\mint2\release\mevent.obj
c:\users\a\desktop\streakggz\streak source\mint2\release\medit.obj
c:\users\a\desktop\streakggz\streak source\mint2\release\mdragobject.obj
c:\users\a\desktop\streakggz\streak source\mint2\release\mstringtable.obj
c:\users\a\desktop\streakggz\streak source\mint2\release\mresourcemanager.obj
c:\users\a\desktop\streakggz\streak source\mint2\release\midlresource.obj
c:\users\a\desktop\streakggz\streak source\mint2\release\mfont.obj
c:\users\a\desktop\streakggz\streak source\mint2\release\mdrawcontext.obj
c:\users\a\desktop\streakggz\streak source\mint2\release\mcursor.obj
c:\users\a\desktop\streakggz\streak source\mint2\release\mbitmap.obj
c:\users\a\desktop\streakggz\streak source\mint2\release\mwidget.obj
c:\users\a\desktop\streakggz\streak source\mint2\release\mtypes.obj
c:\users\a\desktop\streakggz\streak source\mint2\release\mtooltip.obj
c:\users\a\desktop\streakggz\streak source\mint2\release\mtextarea.obj
c:\users\a\desktop\streakggz\streak source\mint2\release\mtabctrl.obj
c:\users\a\desktop\streakggz\streak source\mint2\release\mslider.obj
c:\users\a\desktop\streakggz\streak source\mint2\runtime\lib\mint2.lib
c:\users\a\desktop\streakggz\streak source\mint2\release\msxml.tlh
c:\users\a\desktop\streakggz\streak source\mint2\.\runtime\lib\mint2.lib
c:\users\a\desktop\streakggz\streak source\mint2\release\mint2.tlog\cl.command.1.tlog
c:\users\a\desktop\streakggz\streak source\mint2\release\mint2.tlog\cl.read.1.tlog
c:\users\a\desktop\streakggz\streak source\mint2\release\mint2.tlog\cl.write.1.tlog
c:\users\a\desktop\streakggz\streak source\mint2\release\mint2.tlog\lib-link.read.1.tlog
c:\users\a\desktop\streakggz\streak source\mint2\release\mint2.tlog\lib-link.write.1.tlog
c:\users\a\desktop\streakggz\streak source\mint2\release\mint2.tlog\lib.command.1.tlog
