c:\users\a\desktop\streakggz\streak source\gunz\release\gunz.pch
c:\users\a\desktop\streakggz\streak source\gunz\release\vc141.pdb
c:\users\a\desktop\streakggz\streak source\gunz\release\stdafx.obj
c:\users\a\desktop\streakggz\streak source\gunz\release\cglencription.obj
c:\users\a\desktop\streakggz\streak source\gunz\release\mint4r2.obj
c:\users\a\desktop\streakggz\streak source\gunz\release\physics.obj
c:\users\a\desktop\streakggz\streak source\gunz\release\rgcommands.obj
c:\users\a\desktop\streakggz\streak source\gunz\release\zactionkey.obj
c:\users\a\desktop\streakggz\streak source\gunz\release\zactor.obj
c:\users\a\desktop\streakggz\streak source\gunz\release\zactoranimation.obj
c:\users\a\desktop\streakggz\streak source\gunz\release\zactorbase.obj
c:\users\a\desktop\streakggz\streak source\gunz\release\zactorsound.obj
c:\users\a\desktop\streakggz\streak source\gunz\release\zapplication.obj
c:\users\a\desktop\streakggz\streak source\gunz\release\zcamera.obj
c:\users\a\desktop\streakggz\streak source\gunz\release\zcharacteritem.obj
c:\users\a\desktop\streakggz\streak source\gunz\release\zcharacterselectview.obj
c:\users\a\desktop\streakggz\streak source\gunz\release\zchat.obj
c:\users\a\desktop\streakggz\streak source\gunz\release\zclan.obj
c:\users\a\desktop\streakggz\streak source\gunz\release\zclanlistbox.obj
c:\users\a\desktop\streakggz\streak source\gunz\release\zcombatinterface.obj
c:\users\a\desktop\streakggz\streak source\gunz\release\zgameclient_dueltournament.obj
c:\users\a\desktop\streakggz\streak source\gunz\release\zgameclient_oncommand.obj
c:\users\a\desktop\streakggz\streak source\gunz\release\zgameinterface_oncommand.obj
c:\users\a\desktop\streakggz\streak source\gunz\release\zinitialloading.obj
c:\users\a\desktop\streakggz\streak source\gunz\release\zinterface.obj
c:\users\a\desktop\streakggz\streak source\gunz\release\zinterfacelistener.obj
c:\users\a\desktop\streakggz\streak source\gunz\release\zitemmenu.obj
c:\users\a\desktop\streakggz\streak source\gunz\release\zlanguageconf.obj
c:\users\a\desktop\streakggz\streak source\gunz\release\zlocatorlist.obj
c:\users\a\desktop\streakggz\streak source\gunz\release\zmapdesc.obj
c:\users\a\desktop\streakggz\streak source\gunz\release\zmeshviewlist.obj
c:\users\a\desktop\streakggz\streak source\gunz\release\zminimap.obj
c:\users\a\desktop\streakggz\streak source\gunz\release\zmodule_lightningdamage.obj
c:\users\a\desktop\streakggz\streak source\gunz\release\zmodule_poisondamage.obj
c:\users\a\desktop\streakggz\streak source\gunz\release\zmodule_resistance.obj
c:\users\a\desktop\streakggz\streak source\gunz\release\zmsgbox.obj
c:\users\a\desktop\streakggz\streak source\gunz\release\zmybuffmgr.obj
c:\users\a\desktop\streakggz\streak source\gunz\release\zmycharacter.obj
c:\users\a\desktop\streakggz\streak source\gunz\release\zplayermenu.obj
c:\users\a\desktop\streakggz\streak source\gunz\release\zpostlocal.obj
c:\users\a\desktop\streakggz\streak source\gunz\release\zquest.obj
c:\users\a\desktop\streakggz\streak source\gunz\release\zroomlistbox.obj
c:\users\a\desktop\streakggz\streak source\gunz\release\zrulegladiator.obj
c:\users\a\desktop\streakggz\streak source\gunz\release\zrulequest.obj
c:\users\a\desktop\streakggz\streak source\gunz\release\zrulesurvival.obj
c:\users\a\desktop\streakggz\streak source\gunz\release\zruletraining.obj
c:\users\a\desktop\streakggz\streak source\gunz\release\zscreeneffectmanager.obj
c:\users\a\desktop\streakggz\streak source\gunz\release\zstageinterface.obj
c:\users\a\desktop\streakggz\streak source\gunz\release\ztask_attackmelee.obj
c:\users\a\desktop\streakggz\streak source\gunz\release\ztask_delay.obj
c:\users\a\desktop\streakggz\streak source\gunz\release\ztestgame.obj
c:\users\a\desktop\streakggz\streak source\gunz\release\zvoteinterface.obj
c:\users\a\desktop\streakggz\streak source\gunz\release\zweaponnewquest.obj
c:\users\a\desktop\streakggz\streak source\gunz\release\zworldmanager.obj
c:\users\a\desktop\streakggz\streak source\gunz\release\upnp.obj
c:\users\a\desktop\streakggz\streak source\gunz\release\memblemmgr.obj
c:\users\a\desktop\streakggz\streak source\gunz\release\rgmain.obj
c:\users\a\desktop\streakggz\streak source\gunz\release\zactoraction.obj
c:\users\a\desktop\streakggz\streak source\gunz\release\zactorcontroller.obj
c:\users\a\desktop\streakggz\streak source\gunz\release\zactorwithfsm.obj
c:\users\a\desktop\streakggz\streak source\gunz\release\zcharacterbuff.obj
c:\users\a\desktop\streakggz\streak source\gunz\release\zcharacterobject.obj
c:\users\a\desktop\streakggz\streak source\gunz\release\zcharacterviewlist.obj
c:\users\a\desktop\streakggz\streak source\gunz\release\zchat_cmds.obj
c:\users\a\desktop\streakggz\streak source\gunz\release\zcommandtable.obj
c:\users\a\desktop\streakggz\streak source\gunz\release\zconfiguration.obj
c:\users\a\desktop\streakggz\streak source\gunz\release\zeffectbillboard.obj
c:\users\a\desktop\streakggz\streak source\gunz\release\zeffectbulletmarklist.obj
c:\users\a\desktop\streakggz\streak source\gunz\release\zeffectlightfragment.obj
c:\users\a\desktop\streakggz\streak source\gunz\release\zeffectmesh.obj
c:\users\a\desktop\streakggz\streak source\gunz\release\zeffectstaticmesh.obj
c:\users\a\desktop\streakggz\streak source\gunz\release\zenemy.obj
c:\users\a\desktop\streakggz\streak source\gunz\release\zenvobject.obj
c:\users\a\desktop\streakggz\streak source\gunz\release\zfsm.obj
c:\users\a\desktop\streakggz\streak source\gunz\release\zfsmparser.obj
c:\users\a\desktop\streakggz\streak source\gunz\release\zgame.obj
c:\users\a\desktop\streakggz\streak source\gunz\release\zinput.obj
c:\users\a\desktop\streakggz\streak source\gunz\release\zinterfacebackground.obj
c:\users\a\desktop\streakggz\streak source\gunz\release\zitem.obj
c:\users\a\desktop\streakggz\streak source\gunz\release\zitemiconbitmap.obj
c:\users\a\desktop\streakggz\streak source\gunz\release\zloading.obj
c:\users\a\desktop\streakggz\streak source\gunz\release\zmap.obj
c:\users\a\desktop\streakggz\streak source\gunz\release\zmeshview.obj
c:\users\a\desktop\streakggz\streak source\gunz\release\zmodule_colddamage.obj
c:\users\a\desktop\streakggz\streak source\gunz\release\zmodule_hpap.obj
c:\users\a\desktop\streakggz\streak source\gunz\release\zmygambleitem.obj
c:\users\a\desktop\streakggz\streak source\gunz\release\zmyquestitem.obj
c:\users\a\desktop\streakggz\streak source\gunz\release\znhn_usa_poll.obj
c:\users\a\desktop\streakggz\streak source\gunz\release\znetagreementbuilder.obj
c:\users\a\desktop\streakggz\streak source\gunz\release\znetcharacter.obj
c:\users\a\desktop\streakggz\streak source\gunz\release\znetmarblejp.obj
c:\users\a\desktop\streakggz\streak source\gunz\release\zobserver.obj
c:\users\a\desktop\streakggz\streak source\gunz\release\zplayerlist.obj
c:\users\a\desktop\streakggz\streak source\gunz\release\zplayerlistbox.obj
c:\users\a\desktop\streakggz\streak source\gunz\release\zpost.obj
c:\users\a\desktop\streakggz\streak source\gunz\release\zquestmap.obj
c:\users\a\desktop\streakggz\streak source\gunz\release\zradar.obj
c:\users\a\desktop\streakggz\streak source\gunz\release\zreportabuse.obj
c:\users\a\desktop\streakggz\streak source\gunz\release\zrule.obj
c:\users\a\desktop\streakggz\streak source\gunz\release\zruleduel.obj
c:\users\a\desktop\streakggz\streak source\gunz\release\zrulequestchallenge.obj
c:\users\a\desktop\streakggz\streak source\gunz\release\zshopequiplistbox.obj
c:\users\a\desktop\streakggz\streak source\gunz\release\zskybox.obj
c:\users\a\desktop\streakggz\streak source\gunz\release\zsoundengine.obj
c:\users\a\desktop\streakggz\streak source\gunz\release\zsurvival.obj
c:\users\a\desktop\streakggz\streak source\gunz\release\ztimer.obj
c:\users\a\desktop\streakggz\streak source\gunz\release\zwater.obj
c:\users\a\desktop\streakggz\streak source\gunz\release\zweaponscreeneffect.obj
c:\users\a\desktop\streakggz\streak source\gunz\release\zworlditem.obj
c:\users\a\desktop\streakggz\streak source\gunz\release\msysinfo.obj
c:\users\a\desktop\streakggz\streak source\gunz\release\mint4gunz.obj
c:\users\a\desktop\streakggz\streak source\gunz\release\newchat.obj
c:\users\a\desktop\streakggz\streak source\gunz\release\zactoractionmanager.obj
c:\users\a\desktop\streakggz\streak source\gunz\release\zbehavior.obj
c:\users\a\desktop\streakggz\streak source\gunz\release\zbehavior_idle.obj
c:\users\a\desktop\streakggz\streak source\gunz\release\zbehavior_script.obj
c:\users\a\desktop\streakggz\streak source\gunz\release\zbirddummyclient.obj
c:\users\a\desktop\streakggz\streak source\gunz\release\zbitmapmanager.obj
c:\users\a\desktop\streakggz\streak source\gunz\release\zbrain.obj
c:\users\a\desktop\streakggz\streak source\gunz\release\zcharacter.obj
c:\users\a\desktop\streakggz\streak source\gunz\release\zclothemblem.obj
c:\users\a\desktop\streakggz\streak source\gunz\release\zcombatmenu.obj
c:\users\a\desktop\streakggz\streak source\gunz\release\zcommandudphackshield.obj
c:\users\a\desktop\streakggz\streak source\gunz\release\zconsole.obj
c:\users\a\desktop\streakggz\streak source\gunz\release\zcrosshair.obj
c:\users\a\desktop\streakggz\streak source\gunz\release\zdueltournamentrankinglistbox.obj
c:\users\a\desktop\streakggz\streak source\gunz\release\zeffectbase.obj
c:\users\a\desktop\streakggz\streak source\gunz\release\zeffectbillboardlist.obj
c:\users\a\desktop\streakggz\streak source\gunz\release\zeffectgunfire.obj
c:\users\a\desktop\streakggz\streak source\gunz\release\zeffectlightfragmentlist.obj
c:\users\a\desktop\streakggz\streak source\gunz\release\zeffectsmoke.obj
c:\users\a\desktop\streakggz\streak source\gunz\release\zembleminterface.obj
c:\users\a\desktop\streakggz\streak source\gunz\release\zequipmentlistbox.obj
c:\users\a\desktop\streakggz\streak source\gunz\release\zfsmcondition.obj
c:\users\a\desktop\streakggz\streak source\gunz\release\zfsmfunctionserver.obj
c:\users\a\desktop\streakggz\streak source\gunz\release\zfsmmanager.obj
c:\users\a\desktop\streakggz\streak source\gunz\release\zfsmstateenteredtimestamper.obj
c:\users\a\desktop\streakggz\streak source\gunz\release\zfsmtransition.obj
c:\users\a\desktop\streakggz\streak source\gunz\release\zgameclient.obj
c:\users\a\desktop\streakggz\streak source\gunz\release\zgameinput_debug.obj
c:\users\a\desktop\streakggz\streak source\gunz\release\zgameonjpauth.obj
c:\users\a\desktop\streakggz\streak source\gunz\release\zgametype.obj
c:\users\a\desktop\streakggz\streak source\gunz\release\zgametypelist.obj
c:\users\a\desktop\streakggz\streak source\gunz\release\zglobal.obj
c:\users\a\desktop\streakggz\streak source\gunz\release\zhelpscreen.obj
c:\users\a\desktop\streakggz\streak source\gunz\release\zidlresource.obj
c:\users\a\desktop\streakggz\streak source\gunz\release\zitemdesc.obj
c:\users\a\desktop\streakggz\streak source\gunz\release\zitemslotview.obj
c:\users\a\desktop\streakggz\streak source\gunz\release\zlocale.obj
c:\users\a\desktop\streakggz\streak source\gunz\release\zmaplistbox.obj
c:\users\a\desktop\streakggz\streak source\gunz\release\zmatch.obj
c:\users\a\desktop\streakggz\streak source\gunz\release\zmodule.obj
c:\users\a\desktop\streakggz\streak source\gunz\release\zmodule_movable.obj
c:\users\a\desktop\streakggz\streak source\gunz\release\zmonsterbookinterface.obj
c:\users\a\desktop\streakggz\streak source\gunz\release\znhn_usa.obj
c:\users\a\desktop\streakggz\streak source\gunz\release\znhn_usa_report.obj
c:\users\a\desktop\streakggz\streak source\gunz\release\znpcinfofromserver.obj
c:\users\a\desktop\streakggz\streak source\gunz\release\znetrepository.obj
c:\users\a\desktop\streakggz\streak source\gunz\release\zobject.obj
c:\users\a\desktop\streakggz\streak source\gunz\release\zoptioninterface.obj
c:\users\a\desktop\streakggz\streak source\gunz\release\zruleassassinate.obj
c:\users\a\desktop\streakggz\streak source\gunz\release\zruledeathmatch.obj
c:\users\a\desktop\streakggz\streak source\gunz\release\zrulespy.obj
c:\users\a\desktop\streakggz\streak source\gunz\release\zsecurity.obj
c:\users\a\desktop\streakggz\streak source\gunz\release\zshadow.obj
c:\users\a\desktop\streakggz\streak source\gunz\release\zshop.obj
c:\users\a\desktop\streakggz\streak source\gunz\release\zshopequipitem.obj
c:\users\a\desktop\streakggz\streak source\gunz\release\zskill.obj
c:\users\a\desktop\streakggz\streak source\gunz\release\zstagesetting.obj
c:\users\a\desktop\streakggz\streak source\gunz\release\zstringresmanager.obj
c:\users\a\desktop\streakggz\streak source\gunz\release\ztask_movetopos.obj
c:\users\a\desktop\streakggz\streak source\gunz\release\ztask_skill.obj
c:\users\a\desktop\streakggz\streak source\gunz\release\ztooltip.obj
c:\users\a\desktop\streakggz\streak source\gunz\release\zutil.obj
c:\users\a\desktop\streakggz\streak source\gunz\release\zweapon.obj
c:\users\a\desktop\streakggz\streak source\gunz\release\mcommandlogframe.obj
c:\users\a\desktop\streakggz\streak source\gunz\release\zruledropgungame.obj
c:\users\a\desktop\streakggz\streak source\gunz\release\securitytest.obj
c:\users\a\desktop\streakggz\streak source\gunz\release\voicechat.obj
c:\users\a\desktop\streakggz\streak source\gunz\release\zactormesh.obj
c:\users\a\desktop\streakggz\streak source\gunz\release\zanieventhandler.obj
c:\users\a\desktop\streakggz\streak source\gunz\release\zbandicapturer.obj
c:\users\a\desktop\streakggz\streak source\gunz\release\zbaseauthinfo.obj
c:\users\a\desktop\streakggz\streak source\gunz\release\zbehavior_attack.obj
c:\users\a\desktop\streakggz\streak source\gunz\release\zbehavior_patrol.obj
c:\users\a\desktop\streakggz\streak source\gunz\release\zbirddummyai.obj
c:\users\a\desktop\streakggz\streak source\gunz\release\zbirdtest.obj
c:\users\a\desktop\streakggz\streak source\gunz\release\zbmnumlabel.obj
c:\users\a\desktop\streakggz\streak source\gunz\release\zbutton.obj
c:\users\a\desktop\streakggz\streak source\gunz\release\zcanvas.obj
c:\users\a\desktop\streakggz\streak source\gunz\release\zchannelrule.obj
c:\users\a\desktop\streakggz\streak source\gunz\release\zcharactermanager.obj
c:\users\a\desktop\streakggz\streak source\gunz\release\zcharacterview.obj
c:\users\a\desktop\streakggz\streak source\gunz\release\zchatcmd.obj
c:\users\a\desktop\streakggz\streak source\gunz\release\zcombatchat.obj
c:\users\a\desktop\streakggz\streak source\gunz\release\zcombatquestscreen.obj
c:\users\a\desktop\streakggz\streak source\gunz\release\zcountdown.obj
c:\users\a\desktop\streakggz\streak source\gunz\release\zdirectinput.obj
c:\users\a\desktop\streakggz\streak source\gunz\release\zeffectanimesh.obj
c:\users\a\desktop\streakggz\streak source\gunz\release\zeffectbulletmark.obj
c:\users\a\desktop\streakggz\streak source\gunz\release\zeffectflashbang.obj
c:\users\a\desktop\streakggz\streak source\gunz\release\zeffectlighttracer.obj
c:\users\a\desktop\streakggz\streak source\gunz\release\zeffectmanager.obj
c:\users\a\desktop\streakggz\streak source\gunz\release\zfsmstate.obj
c:\users\a\desktop\streakggz\streak source\gunz\release\zfile.obj
c:\users\a\desktop\streakggz\streak source\gunz\release\zframe.obj
c:\users\a\desktop\streakggz\streak source\gunz\release\zgameaction.obj
c:\users\a\desktop\streakggz\streak source\gunz\release\zgameclient_clan.obj
c:\users\a\desktop\streakggz\streak source\gunz\release\zgameclient_ladder.obj
c:\users\a\desktop\streakggz\streak source\gunz\release\zgameguard.obj
c:\users\a\desktop\streakggz\streak source\gunz\release\zgameinput.obj
c:\users\a\desktop\streakggz\streak source\gunz\release\zgameinterface.obj
c:\users\a\desktop\streakggz\streak source\gunz\release\zmessages.obj
c:\users\a\desktop\streakggz\streak source\gunz\release\zmodule_firedamage.obj
c:\users\a\desktop\streakggz\streak source\gunz\release\zmodule_healovertime.obj
c:\users\a\desktop\streakggz\streak source\gunz\release\zmodule_queststatus.obj
c:\users\a\desktop\streakggz\streak source\gunz\release\zmodule_skills.obj
c:\users\a\desktop\streakggz\streak source\gunz\release\zmybuff.obj
c:\users\a\desktop\streakggz\streak source\gunz\release\zmyinfo.obj
c:\users\a\desktop\streakggz\streak source\gunz\release\zmyitem.obj
c:\users\a\desktop\streakggz\streak source\gunz\release\zmyitemlist.obj
c:\users\a\desktop\streakggz\streak source\gunz\release\znetmarble.obj
c:\users\a\desktop\streakggz\streak source\gunz\release\zobjectmanager.obj
c:\users\a\desktop\streakggz\streak source\gunz\release\zplayermanager.obj
c:\users\a\desktop\streakggz\streak source\gunz\release\zplayerselectlistbox.obj
c:\users\a\desktop\streakggz\streak source\gunz\release\zplayerwarsrankinglistbox.obj
c:\users\a\desktop\streakggz\streak source\gunz\release\zprofiler.obj
c:\users\a\desktop\streakggz\streak source\gunz\release\zquestgameinfo.obj
c:\users\a\desktop\streakggz\streak source\gunz\release\zrangeweaponhitdice.obj
c:\users\a\desktop\streakggz\streak source\gunz\release\zreplay.obj
c:\users\a\desktop\streakggz\streak source\gunz\release\zrulebasequest.obj
c:\users\a\desktop\streakggz\streak source\gunz\release\zruleberserker.obj
c:\users\a\desktop\streakggz\streak source\gunz\release\zruledueltournament.obj
c:\users\a\desktop\streakggz\streak source\gunz\release\zscorelistbox.obj
c:\users\a\desktop\streakggz\streak source\gunz\release\zscreendebugger.obj
c:\users\a\desktop\streakggz\streak source\gunz\release\zserverview.obj
c:\users\a\desktop\streakggz\streak source\gunz\release\zshopequipinterface.obj
c:\users\a\desktop\streakggz\streak source\gunz\release\zshopequipitemconfirm.obj
c:\users\a\desktop\streakggz\streak source\gunz\release\zsoundfmod.obj
c:\users\a\desktop\streakggz\streak source\gunz\release\zstageinfobox.obj
c:\users\a\desktop\streakggz\streak source\gunz\release\zstatemachine.obj
c:\users\a\desktop\streakggz\streak source\gunz\release\zstencillight.obj
c:\users\a\desktop\streakggz\streak source\gunz\release\ztask.obj
c:\users\a\desktop\streakggz\streak source\gunz\release\ztaskmanager.obj
c:\users\a\desktop\streakggz\streak source\gunz\release\ztask_attackrange.obj
c:\users\a\desktop\streakggz\streak source\gunz\release\ztask_rotatetodir.obj
c:\users\a\desktop\streakggz\streak source\gunz\release\ztips.obj
c:\users\a\desktop\streakggz\streak source\gunz\release\zweaponmgr.obj
c:\users\a\desktop\streakggz\streak source\gunz\release\zworld.obj
c:\users\a\desktop\streakggz\streak source\gunz\release\main.obj
c:\users\a\desktop\streakggz\streak source\build\gunz\gunz.exe
c:\users\a\desktop\streakggz\streak source\gunz\runtime\gunz.map
c:\users\a\desktop\streakggz\streak source\gunz\runtime\gunz.pdb
c:\users\a\desktop\streakggz\streak source\gunz\release\gunz.res
c:\users\a\desktop\streakggz\streak source\gunz\release\msxml.tlh
c:\users\a\desktop\streakggz\streak source\gunz\..\build\gunz\gunz.exe
c:\users\a\desktop\streakggz\streak source\gunz\release\gunz.tlog\cl.command.1.tlog
c:\users\a\desktop\streakggz\streak source\gunz\release\gunz.tlog\cl.read.1.tlog
c:\users\a\desktop\streakggz\streak source\gunz\release\gunz.tlog\cl.write.1.tlog
c:\users\a\desktop\streakggz\streak source\gunz\release\gunz.tlog\link.command.1.tlog
c:\users\a\desktop\streakggz\streak source\gunz\release\gunz.tlog\link.read.1.tlog
c:\users\a\desktop\streakggz\streak source\gunz\release\gunz.tlog\link.write.1.tlog
c:\users\a\desktop\streakggz\streak source\gunz\release\gunz.tlog\rc.command.1.tlog
c:\users\a\desktop\streakggz\streak source\gunz\release\gunz.tlog\rc.read.1.tlog
c:\users\a\desktop\streakggz\streak source\gunz\release\gunz.tlog\rc.write.1.tlog
